[    0.000000] Linux version 4.15.0-47-generic (buildd@lgw01-amd64-001) (gcc version 7.3.0 (Ubuntu 7.3.0-16ubuntu3)) #50-Ubuntu SMP Wed Mar 13 10:44:52 UTC 2019 (Ubuntu 4.15.0-47.50-generic 4.15.18)
[    0.000000] Command line: BOOT_IMAGE=/boot/vmlinuz-4.15.0-47-generic root=LABEL=cloudimg-rootfs ro console=tty1 console=ttyS0
[    0.000000] KERNEL supported cpus:
[    0.000000]   Intel GenuineIntel
[    0.000000]   AMD AuthenticAMD
[    0.000000]   Centaur CentaurHauls
[    0.000000] x86/fpu: Supporting XSAVE feature 0x001: 'x87 floating point registers'
[    0.000000] x86/fpu: Supporting XSAVE feature 0x002: 'SSE registers'
[    0.000000] x86/fpu: Supporting XSAVE feature 0x004: 'AVX registers'
[    0.000000] x86/fpu: xstate_offset[2]:  576, xstate_sizes[2]:  256
[    0.000000] x86/fpu: Enabled xstate features 0x7, context size is 832 bytes, using 'standard' format.
[    0.000000] e820: BIOS-provided physical RAM map:
[    0.000000] BIOS-e820: [mem 0x0000000000000000-0x000000000009fbff] usable
[    0.000000] BIOS-e820: [mem 0x000000000009fc00-0x000000000009ffff] reserved
[    0.000000] BIOS-e820: [mem 0x00000000000f0000-0x00000000000fffff] reserved
[    0.000000] BIOS-e820: [mem 0x0000000000100000-0x000000001ffeffff] usable
[    0.000000] BIOS-e820: [mem 0x000000001fff0000-0x000000001fffffff] ACPI data
[    0.000000] BIOS-e820: [mem 0x00000000fec00000-0x00000000fec00fff] reserved
[    0.000000] BIOS-e820: [mem 0x00000000fee00000-0x00000000fee00fff] reserved
[    0.000000] BIOS-e820: [mem 0x00000000fffc0000-0x00000000ffffffff] reserved
[    0.000000] NX (Execute Disable) protection: active
[    0.000000] SMBIOS 2.5 present.
[    0.000000] DMI: innotek GmbH VirtualBox/VirtualBox, BIOS VirtualBox 12/01/2006
[    0.000000] Hypervisor detected: KVM
[    0.000000] e820: last_pfn = 0x1fff0 max_arch_pfn = 0x400000000
[    0.000000] MTRR: Disabled
[    0.000000] x86/PAT: MTRRs disabled, skipping PAT initialization too.
[    0.000000] CPU MTRRs all blank - virtualized system.
[    0.000000] x86/PAT: Configuration [0-7]: WB  WT  UC- UC  WB  WT  UC- UC  
[    0.000000] found SMP MP-table at [mem 0x0009fff0-0x0009ffff] mapped at [        (ptrval)]
[    0.000000] Scanning 1 areas for low memory corruption
[    0.000000] RAMDISK: [mem 0x1dc67000-0x1eeeefff]
[    0.000000] ACPI: Early table checksum verification disabled
[    0.000000] ACPI: RSDP 0x00000000000E0000 000024 (v02 VBOX  )
[    0.000000] ACPI: XSDT 0x000000001FFF0030 00003C (v01 VBOX   VBOXXSDT 00000001 ASL  00000061)
[    0.000000] ACPI: FACP 0x000000001FFF00F0 0000F4 (v04 VBOX   VBOXFACP 00000001 ASL  00000061)
[    0.000000] ACPI: DSDT 0x000000001FFF0470 0021FF (v02 VBOX   VBOXBIOS 00000002 INTL 20180105)
[    0.000000] ACPI: FACS 0x000000001FFF0200 000040
[    0.000000] ACPI: FACS 0x000000001FFF0200 000040
[    0.000000] ACPI: APIC 0x000000001FFF0240 00005C (v02 VBOX   VBOXAPIC 00000001 ASL  00000061)
[    0.000000] ACPI: SSDT 0x000000001FFF02A0 0001CC (v01 VBOX   VBOXCPUT 00000002 INTL 20180105)
[    0.000000] No NUMA configuration found
[    0.000000] Faking a node at [mem 0x0000000000000000-0x000000001ffeffff]
[    0.000000] NODE_DATA(0) allocated [mem 0x1ffc5000-0x1ffeffff]
[    0.000000] kvm-clock: cpu 0, msr 0:1ff44001, primary cpu clock
[    0.000000] kvm-clock: Using msrs 4b564d01 and 4b564d00
[    0.000000] kvm-clock: using sched offset of 3813628362 cycles
[    0.000000] clocksource: kvm-clock: mask: 0xffffffffffffffff max_cycles: 0x1cd42e4dffb, max_idle_ns: 881590591483 ns
[    0.000000] Zone ranges:
[    0.000000]   DMA      [mem 0x0000000000001000-0x0000000000ffffff]
[    0.000000]   DMA32    [mem 0x0000000001000000-0x000000001ffeffff]
[    0.000000]   Normal   empty
[    0.000000]   Device   empty
[    0.000000] Movable zone start for each node
[    0.000000] Early memory node ranges
[    0.000000]   node   0: [mem 0x0000000000001000-0x000000000009efff]
[    0.000000]   node   0: [mem 0x0000000000100000-0x000000001ffeffff]
[    0.000000] Reserved but unavailable: 114 pages
[    0.000000] Initmem setup node 0 [mem 0x0000000000001000-0x000000001ffeffff]
[    0.000000] ACPI: PM-Timer IO Port: 0x4008
[    0.000000] IOAPIC[0]: apic_id 2, version 32, address 0xfec00000, GSI 0-23
[    0.000000] ACPI: INT_SRC_OVR (bus 0 bus_irq 0 global_irq 2 dfl dfl)
[    0.000000] ACPI: INT_SRC_OVR (bus 0 bus_irq 9 global_irq 9 low level)
[    0.000000] Using ACPI (MADT) for SMP configuration information
[    0.000000] smpboot: Allowing 2 CPUs, 0 hotplug CPUs
[    0.000000] PM: Registered nosave memory: [mem 0x00000000-0x00000fff]
[    0.000000] PM: Registered nosave memory: [mem 0x0009f000-0x0009ffff]
[    0.000000] PM: Registered nosave memory: [mem 0x000a0000-0x000effff]
[    0.000000] PM: Registered nosave memory: [mem 0x000f0000-0x000fffff]
[    0.000000] e820: [mem 0x20000000-0xfebfffff] available for PCI devices
[    0.000000] Booting paravirtualized kernel on KVM
[    0.000000] clocksource: refined-jiffies: mask: 0xffffffff max_cycles: 0xffffffff, max_idle_ns: 7645519600211568 ns
[    0.000000] random: get_random_bytes called from start_kernel+0x99/0x4fd with crng_init=0
[    0.000000] setup_percpu: NR_CPUS:812 nr_cpumask_bits:2 nr_cpu_ids:2 nr_node_ids:1
[    0.000000] percpu: Embedded 46 pages/cpu @        (ptrval) s151552 r8192 d28672 u1048576
[    0.000000] PV qspinlock hash table entries: 256 (order: 0, 4096 bytes)
[    0.000000] Built 1 zonelists, mobility grouping on.  Total pages: 128889
[    0.000000] Policy zone: DMA32
[    0.000000] Kernel command line: BOOT_IMAGE=/boot/vmlinuz-4.15.0-47-generic root=LABEL=cloudimg-rootfs ro console=tty1 console=ttyS0
[    0.000000] Memory: 467512K/523832K available (12300K kernel code, 2473K rwdata, 4252K rodata, 2408K init, 2416K bss, 56320K reserved, 0K cma-reserved)
[    0.000000] SLUB: HWalign=64, Order=0-3, MinObjects=0, CPUs=2, Nodes=1
[    0.000000] Kernel/User page tables isolation: enabled
[    0.000000] ftrace: allocating 39206 entries in 154 pages
[    0.004000] Hierarchical RCU implementation.
[    0.004000] 	RCU restricting CPUs from NR_CPUS=8192 to nr_cpu_ids=2.
[    0.004000] 	Tasks RCU enabled.
[    0.004000] RCU: Adjusting geometry for rcu_fanout_leaf=16, nr_cpu_ids=2
[    0.004000] NR_IRQS: 524544, nr_irqs: 440, preallocated irqs: 16
[    0.004000] Console: colour VGA+ 80x25
[    0.004000] console [tty1] enabled
[    0.004000] console [ttyS0] enabled
[    0.004000] ACPI: Cre revision 20170831
[    0.004000] ACPI: 2 ACPI AML tables successfully acquired and loaded
[    0.004000] APIC: Switch to symmetric I/O mode setup
[    0.004000] x2apic enabled
[    0.004000] Switched APIC routing to physical x2apic.
[    0.004000] ..TIMER: vector=0x30 apic1=0 pin1=2 apic2=-1 pin2=-1
[    0.004010] tsc: Detected 1700.011 MHz processor
[    0.008020] Calibrating delay loop (skipped) preset value.. 3400.02 BogoMIPS (lpj=6800044)
[    0.010428] pid_max: default: 32768 minimum: 301
[    0.012056] Security Framework initialized
[    0.013338] Yama: becoming mindful.
[    0.014332] AppArmor: AppArmor initialized
[    0.016173] Dentry cache hash table entries: 65536 (order: 7, 524288 bytes)
[    0.020087] Inode-cache hash table entries: 32768 (order: 6, 262144 bytes)
[    0.022212] Mount-cache hash table entries: 1024 (order: 1, 8192 bytes)
[    0.024018] Mountpoint-cache hash table entries: 1024 (order: 1, 8192 bytes)
[    0.026024] mce: CPU supports 0 MCE banks
[    0.028036] Last level iTLB entries: 4KB 512, 2MB 8, 4MB 8
[    0.029329] Last level dTLB entries: 4KB 512, 2MB 32, 4MB 32, 1GB 0
[    0.032011] Spectre V2 : Mitigation: Full generic retpoline
[    0.033689] Spectre V2 : Spectre v2 / SpectreRSB mitigation: Filling RSB on context switch
[    0.036010] Speculative Store Bypass: Vulnerable
[    0.040199] Freeing SMP alternatives memory: 36K
[    0.048000] smpboot: CPU0: Intel(R) Core(TM) i5-2557M CPU @ 1.70GHz (family: 0x6, model: 0x2a, stepping: 0x7)
[    0.048140] Performance Events: unsupported p6 CPU model 42 no PMU driver, software events only.
[    0.052144] Hierarchical SRCU implementation.
[    0.056906] NMI watchdog: Perf event create on CPU 0 failed with -2
[    0.060012] NMI watchdog: Perf NMI watchdog permanently disabled
[    0.064190] smp: Bringing up secondary CPUs ...
[    0.068205] x86: Booting SMP configuration:
[    0.072012] .... node  #0, CPUs:      #1
[    0.004000] kvm-clock: cpu 1, msr 0:1ff44041, secondary cpu clock
[    0.004000] mce: CPU supports 0 MCE banks
[    0.092049] smp: Brought up 1 node, 2 CPUs
[    0.096016] smpboot: Max logical packages: 1
[    0.100015] smpboot: Total of 2 processors activated (6800.04 BogoMIPS)
[    0.104199] devtmpfs: initialized
[    0.104916] x86/mm: Memory block size: 128MB
[    0.106196] evm: security.selinux
[    0.107215] evm: security.SMACK64
[    0.108011] evm: security.SMACK64EXEC
[    0.109066] evm: security.SMACK64TRANSMUTE
[    0.110235] evm: security.SMACK64MMAP
[    0.112012] evm: security.apparmor
[    0.113007] evm: security.ima
[    0.113907] evm: security.capability
[    0.116176] clocksource: jiffies: mask: 0xffffffff max_cycles: 0xffffffff, max_idle_ns: 7645041785100000 ns
[    0.120046] futex hash table entries: 512 (order: 3, 32768 bytes)
[    0.121679] pinctrl core: initialized pinctrl subsystem
[    0.123417] RTC time: 20:57:04, date: 04/08/19
[    0.124291] NET: Registered protocol family 16
[    0.125718] audit: initializing netlink subsys (disabled)
[    0.128091] audit: type=2000 audit(1554757029.128:1): state=initialized audit_enabled=0 res=1
[    0.152018] cpuidle: using governor ladder
[    0.153373] cpuidle: using governor menu
[    0.154681] ACPI: bus type PCI registered
[    0.156012] acpiphp: ACPI Hot Plug PCI Controller Driver version: 0.5
[    0.157946] PCI: Using configuration type 1 for base access
[    0.161428] HugeTLB registered 2.00 MiB page size, pre-allocated 0 pages
[    0.164152] ACPI: Added _OSI(Module Device)
[    0.165353] ACPI: Added _OSI(Processor Device)
[    0.168010] ACPI: Added _OSI(3.0 _SCP Extensions)
[    0.169352] ACPI: Added _OSI(Processor Aggregator Device)
[    0.170847] ACPI: Added _OSI(Linux-Dell-Video)
[    0.172017] ACPI: Added _OSI(Linux-Lenovo-NV-HDMI-Audio)
[    0.176012] ACPI: Added _OSI(Linux-HPI-Hybrid-Graphics)
[    0.180445] ACPI: Executed 1 blocks of module-level executable AML code
[    0.194755] ACPI: Interpreter enabled
[    0.196049] ACPI: (supports S0 S5)
[    0.200014] ACPI: Using IOAPIC for interrupt routing
[    0.208416] PCI: Using host bridge windows from ACPI; if necessary, use "pci=nocrs" and report a bug
[    0.211412] ACPI: Enabled 2 GPEs in block 00 to 07
[    0.227292] ACPI: PCI Root Bridge [PCI0] (domain 0000 [bus 00-ff])
[    0.228024] acpi PNP0A03:00: _OSC: OS supports [ASPM ClockPM Segments MSI]
[    0.229866] acpi PNP0A03:00: _OSC: not requesting OS control; OS requires [ExtendedConfig ASPM ClockPM MSI]
[    0.232041] acpi PNP0A03:00: fail to add MMCONFIG information, can't access extended PCI configuration space under this bridge.
[    0.236555] PCI host bridge to bus 0000:00
[    0.237928] pci_bus 0000:00: root bus resource [io  0x0000-0x0cf7 window]
[    0.240013] pci_bus 0000:00: root bus resource [io  0x0d00-0xffff window]
[    0.241602] pci_bus 0000:00: root bus resource [mem 0x000a0000-0x000bffff window]
[    0.244014] pci_bus 0000:00: root bus resource [mem 0x20000000-0xfdffffff window]
[    0.245898] pci_bus 0000:00: root bus resource [bus 00-ff]
[    0.251281] pci 0000:00:01.1: legacy IDE quirk: reg 0x10: [io  0x01f0-0x01f7]
[    0.252013] pci 0000:00:01.1: legacy IDE quirk: reg 0x14: [io  0x03f6]
[    0.253753] pci 0000:00:01.1: legacy IDE quirk: reg 0x18: [io  0x0170-0x0177]
[    0.256010] pci 0000:00:01.1: legacy IDE quirk: reg 0x1c: [io  0x0376]
[    0.278687] pci 0000:00:07.0: quirk: [io  0x4000-0x403f] claimed by PIIX4 ACPI
[    0.280034] pci 0000:00:07.0: quirk: [io  0x4100-0x410f] claimed by PIIX4 SMB
[    0.295187] ACPI: PCI Interrupt Link [LNKA] (IRQs 5 9 10 *11)
[    0.296562] ACPI: PCI Interrupt Link [LNKB] (IRQs 5 9 *10 11)
[    0.300265] ACPI: PCI Interrupt Link [LNKC] (IRQs 5 *9 10 11)
[    0.308106] ACPI: PCI Interrupt Link [LNKD] (IRQs 5 9 10 *11)
[    0.310442] SCSI subsystem initialized
[    0.311556] pci 0000:00:02.0: vgaarb: setting as boot VGA device
[    0.311556] pci 0000:00:02.0: vgaarb: VGA device added: decodes=io+mem,owns=io+mem,locks=none
[    0.312012] pci 0000:00:02.0: vgaarb: bridge control possible
[    0.316006] vgaarb: loaded
[    0.320161] ACPI: bus type USB registered
[    0.324061] usbcore: registered new interface driver usbfs
[    0.328055] usbcore: registered new interface driver hub
[    0.332025] usbcore: registered new device driver usb
[    0.336166] EDAC MC: Ver: 3.0.0
[    0.340301] PCI: Using ACPI for IRQ routing
[    0.341747] NetLabel: Initializing
[    0.343127] NetLabel:  domain hash size = 128
[    0.344011] NetLabel:  protocols = UNLABELED CIPSOv4 CALIPSO
[    0.348039] NetLabel:  unlabeled traffic allowed by default
[    0.352144] clocksource: Switched to clocksource kvm-clock
[    0.375491] VFS: Disk quotas dquot_6.6.0
[    0.382076] VFS: Dquot-cache hash table entries: 512 (order 0, 4096 bytes)
[    0.384075] AppArmor: AppArmor Filesystem Enabled
[    0.385457] pnp: PnP ACPI init
[    0.388077] pnp: PnP ACPI: und 3 devices

[    0.462977] clocksource:cppmmask: 0xffffff max_cycles: 0xffffff, max_idle_ns: 2085701024 ns
[    0.636417] NET: Registered protocol family 2

[    0.638043] TCP established hash table entries: 4096 (order: 3, 32768 bytes)
[    0.639750] TCP bind hash table entries: 4096 (order: 4, 65536 bytes)
[    0.641649] TCP: Hash tables configured (established 4096 bind 4096)
[    0.643402] UDP hash table entries: 256 (order: 1, 8192 bytes)
[    0.644903] UDP-Lite hash table entries: 256 (order: 1, 8192 bytes)
[    0.646494] NET: Registered protocol family 1
[    0.647685] pci 0000:00:00.0: Limiting direct PCI/PCI transfers
[    0.649099] pci 0000:00:01.0: Activating ISA DMA hang workarounds
[    0.650737] pci 0000:00:02.0: Video device with shadowed ROM at [mem 0x000c0000-0x000dffff]
[    0.653183] Unpacking initramfs...
[    0.986645] Freeing initrd memory: 18976K
[    0.993445] platform rtc_cmos: registered platform RTC device (no PNP device found)
[    1.001752] Scanning for low memory corruption every 60 seconds
[    1.004422] Initialise system trusted keyrings
[    1.010971] Key type blacklist registered
[    1.017537] workingset: timestamp_bits=36 max_order=17 bucket_order=0
[    1.020263] zbud: loaded
[    1.021797] squashfs: version 4.0 (2009/01/31) Phillip Lougher
[    1.023842] fuse init (API version 7.26)
[    1.035599] Key type asymmetric registered
[    1.042396] Asymmetric key parser 'x509' registered
[    1.043683] Block layer SCSI generic (bsg) driver version 0.4 loaded (major 246)
[    1.045768] io scheduler noop registered
[    1.046906] io scheduler deadline registered
[    1.048256] io scheduler cfq registered (default)
[    1.049891] ACPI: AC Adapter [AC] (on-line)
[    1.056603] input: Power Button as /devices/LNXSYSTM:00/LNXPWRBN:00/input/input0
[    1.058779] ACPI: Power Button [PWRF]
[    1.059946] input: Sleep Button as /devices/LNXSYSTM:00/LNXSLPBN:00/input/input1
[    1.069678] ACPI: Sleep Button [SLPF]
[    1.072549] ACPI: Battery Slot [BAT0] (battery present)
[    1.074255] Serial: 8250/16550 driver, 32 ports, IRQ sharing enabled
[    1.110663] 00:02: ttyS0 at I/O 0x3f8 (irq = 4, base_baud = 115200) is a 16550A
[    1.132409] Linux agpgart interface v0.103
[    1.168141] loop: module loaded
[    1.206087] scsi host0: ata_piix
[    1.221390] scsi host1: ata_piix
[    1.229171] ata1: PATA max UDMA/33 cmd 0x1f0 ctl 0x3f6 bmdma 0xd000 irq 14
[    1.230973] ata2: PATA max UDMA/33 cmd 0x170 ctl 0x376 bmdma 0xd008 irq 15
[    1.237544] libphy: Fixed MDIO Bus: probed
[    1.238661] tun: Universal TUN/TAP device driver, 1.6
[    1.245518] PPP generic driver version 2.4.2
[    1.253382] ehci_hcd: USB 2.0 'Enhanced' Host Controller (EHCI) Driver
[    1.260390] ehci-pci: EHCI PCI platform driver
[    1.261724] ehci-platform: EHCI generic platform driver
[    1.262971] ohci_hcd: USB 1.1 'Open' Host Controller (OHCI) Driver
[    1.270252] ohci-pci: OHCI PCI platform driver
[    1.271760] ohci-platform: OHCI generic platform driver
[    1.273124] uhci_hcd: USB Universal Host Controller Interface driver
[    1.274961] i8042: PNP: PS/2 Controller [PNP0303:PS2K,PNP0f03:PS2M] at 0x60,0x64 irq 1,12
[    1.278010] serio: i8042 KBD port at 0x60,0x64 irq 1
[    1.285622] serio: i8042 AUX port at 0x60,0x64 irq 12
[    1.287298] mousedev: PS/2 mouse device common for all mice
[    1.295603] input: AT Translated Set 2 keyboard as /devices/platform/i8042/serio0/input/input2
[    1.300229] rtc_cmos rtc_cmos: rtc core: registered rtc_cmos as rtc0
[    1.300382] rtc_cmos rtc_cmos: alarms up to one day, 114 bytes nvram
[    1.300399] i2c /dev entries driver
[    1.300414] pcie_mp2_amd: AMD(R) PCI-E MP2 Communication Driver Version: 1.0
[    1.300525] device-mapper: uevent: version 1.0.3
[    1.300678] device-mapper: ioctl: 4.37.0-ioctl (2017-09-20) initialised: dm-devel@redhat.com
[    1.329747] ledtrig-cpu: registered to indicate activity on CPUs
[    1.334677] NET: Registered protocol family 10
[    1.343582] Segment Routing with IPv6
[    1.344755] NET: Registered protocol family 17
[    1.345982] Key type dns_resolver registered
[    1.347931] RAS: Correctable Errors collector initialized.
[    1.349728] sched_clock: Marking stable (1349669855, 0)->(2253169460, -903499605)
[    1.394281] registered taskstats version 1
[    1.395653] Loading compiled-in X.509 certificates
[    1.402340] Loaded X.509 cert 'Build time autogenerated kernel key: 7211859d1298c08a101905a3cb814e8c7b4bf4a4'
[    1.422954] zswap: loaded using pool lzo/zbud
[    1.451361] Key type big_key registered
[    1.492478] Key type trusted registered
[    1.497876] Key type encrypted registered
[    1.498875] AppArmor: AppArmor sha1 policy hashing enabled
[    1.500321] ima: No TPM chip found, activating TPM-bypass! (rc=-19)
[    1.502024] ima: Allocated hash algorithm: sha1
[    1.503280] evm: HMAC attrs: 0x1
[    1.504691]   Magic number: 15:153:1003
[    1.518312] input input0: hash matches
[    1.519520] vc vcs: hash matches
[    1.520734] rtc_cmos rtc_cmos: setting system clock to 2019-04-08 20:57:06 UTC (1554757026)
[    1.523351] BIOS EDD facility v0.16 2004-Jun-25, 0 devices found
[    1.525287] EDD information not available.
[    1.530481] Freeing unused kernel memory: 2408K
[    1.544143] Write protecting the kernel read-only data: 20480k
[    1.547347] Freeing unused kernel memory: 2008K
[    1.558167] Freeing unused kernel memory: 1892K
[    1.567782] x86/mm: Checked W+X mappings: passed, no W+X pages found.
[    1.569689] x86/mm: Checking user space page tables
[    1.600506] x86/mm: Checked W+X mappings: passed, no W+X pages found.
Loading, please wait...
starting version 237
[    1.771645] e1000: Intel(R) PRO/1000 Network Driver - version 7.3.21-k8-NAPI
[    1.793600] e1000: Copyright (c) 1999-2006 Intel Corporation.
[    1.809654] Fusion MPT base driver 3.04.20
[    1.820975] Copyright (c) 1999-2008 LSI Corporation
[    1.859793] AVX version of gcm_enc/dec engaged.
[    1.865146] AES CTR mode by8 optimization enabled
[    1.911349] Fusion MPT SPI Host driver 3.04.20
[    2.016071] tsc: Refined TSC clocksource calibration: 1699.564 MHz
[    2.023523] clocksource: tsc: mask: 0xffffffffffffffff max_cycles: 0x187f8b64270, max_idle_ns: 440795203934 ns
[    2.068192] input: ImExPS/2 Generic Explorer Mouse as /devices/platform/i8042/serio1/input/input4
[    2.313248] e1000 0000:00:03.0 eth0: (PCI:33MHz:32-bit) 02:ea:7f:4f:2c:ab
[    2.870479] e1000 0000:00:03.0 eth0: Intel(R) PRO/1000 Network Connection
[    2.882139] e1000 0000:00:03.0 enp0s3: renamed from eth0
[    2.884016] mptbase: ioc0: Initiating bringup
[    2.986608] ioc0: LSI53C1030 A0: Capabilities={Initiator}
[    3.251313] scsi host2: ioc0: LSI53C1030 A0, FwRev=00000000h, Ports=1, MaxQ=256, IRQ=20
[    3.437255] scsi 2:0:0:0: Direct-Access     VBOX     HARDDISK         1.0  PQ: 0 ANSI: 5
[    4.147305] scsi target2:0:0: Beginning Domain Validation
[    4.153702] scsi target2:0:0: Domain Validation skipping write tests
[    4.247940] scsi target2:0:0: Ending Domain Validation
[    4.249310] scsi target2:0:0: asynchronous
[    4.251168] scsi 2:0:1:0: Direct-Access     VBOX     HARDDISK         1.0  PQ: 0 ANSI: 5
[    4.297297] scsi target2:0:1: Beginning Domain Validation
[    4.313388] random: fast init done
[    4.315116] scsi target2:0:1: Domain Validation skipping write tests
[    5.106052] scsi target2:0:1: Ending Domain Validation
[    5.107854] scsi target2:0:1: asynchronous
[    5.114441] random: systemd-udevd: uninitialized urandom read (16 bytes read)
[    5.116172] random: systemd-udevd: uninitialized urandom read (16 bytes read)
[    5.117683] random: systemd-udevd: uninitialized urandom read (16 bytes read)
[    5.120196] sd 2:0:0:0: Attached scsi generic sg0 type 0
[    5.120203] sd 2:0:0:0: [sda] 20971520 512-byte logical blocks: (10.7 GB/10.0 GiB)
[    5.125717] sd 2:0:0:0: [sda] Write Protect is off
[    5.129446] sd 2:0:0:0: [sda] Incomplete mode parameter data
[    5.167019] sd 2:0:0:0: [sda] Assuming drive cache: write through
[    5.170600] sd 2:0:1:0: Attached scsi generic sg1 type 0
[    5.171183] sd 2:0:1:0: [sdb] 20480 512-byte logical blocks: (10.5 MB/10.0 MiB)
[    5.171272] sd 2:0:1:0: [sdb] Write Protect is off
[    5.171861] sd 2:0:1:0: [sdb] Incomplete mode parameter data
[    5.171864] sd 2:0:1:0: [sdb] Assuming drive cache: write through
[    5.186844]  sda: sda1
[    5.192341] sd 2:0:0:0: [sda] Attached SCSI disk
[    5.194394] sd 2:0:1:0: [sdb] Attached SCSI disk
Begin: Loading essential drivers ... [    6.884122] raid6: sse2x1   gen()  4404 MB/s
[    6.932102] raid6: sse2x1   xor()  4089 MB/s
[    6.984125] raid6: sse2x2   gen()  7170 MB/s
[    7.035874] raid6: sse2x2   xor()  5427 MB/s
[    7.084088] raid6: sse2x4   gen()  7944 MB/s
[    7.132080] raid6: sse2x4   xor()  6892 MB/s
[    7.137491] raid6: using algorithm sse2x4 gen() 7944 MB/s
[    7.139260] raid6: .... xor() 6892 MB/s, rmw enabled
[    7.140989] raid6: using ssse3x2 recovery algorithm
[    7.144832] xor: automatically using best checksumming function   avx       
[    7.153891] async_tx: api initialized (async)
done.
Begin: Running /scripts/init-premount ... done.
Begin: Mounting root file system ... Begin: Running /scripts/local-top ... done.
Begin: Running /scripts/local-premount ... [    7.246073] Btrfs loaded, crc32c=crc32c-intel
Scanning for Btrfs filesystems
done.
Warning: fsck not present, so sk[    7.320914] EXT4-fs (sda1): mounted filesystem with ordered data mode. Opts: (null)
ipping root file system
done.
Begin: Running /scripts/local-bottom ... done.
Begin: Running /scripts/init-bottom ... done.
[    7.665237] ip_tables: (C) 2000-2006 Netfilter Core Team
[    7.696496] systemd[1]: systemd 237 running in system mode. (+PAM +AUDIT +SELINUX +IMA +APPARMOR +SMACK +SYSVINIT +UTMP +LIBCRYPTSETUP +GCRYPT +GNUTLS +ACL +XZ +LZ4 +SECCOMP +BLKID +ELFUTILS +KMOD -IDN2 +IDN -PCRE2 default-hierarchy=hybrid)
[    7.702909] systemd[1]: Detected virtualization oracle.
[    7.704261] systemd[1]: Detected architecture x86-64.

Welcome to [1mUbuntu 18.04.2 LTS[0m!

[    7.715340] systemd[1]: Set hostname to <ubuntu>.
[    7.725161] systemd[1]: Initializing machine ID from random generator.
[    7.727514] systemd[1]: Installed transient /etc/machine-id file.
[    8.218294] systemd[1]: Created slice User and Session Slice.
[[0;32m  OK  [0m] Created slice User and Session Slice.
[    8.252262] systemd[1]: Created slice System Slice.
[[0;32m  OK  [0m] Created slice System Slice.
[    8.256084] systemd[1]: Listening on udev Control Socket.
[[0;32m  OK  [0m] Listening on udev Control Socket.
[    8.260242] systemd[1]: Listening on Device-mapper event daemon FIFOs.
[[0;32m  OK  [0m] Listening on Device-mapper event daemon FIFOs.
[[0;32m  OK  [0m] Started Forward Password Requests to Wall Directory Watch.
[[0;32m  OK  [0m] Created slice system-serial\x2dgetty.slice.
[[0;32m  OK  [0m] Listening on udev Kernel Socket.
[[0;32m  OK  [0m] Reached target Swap.
[[0;32m  OK  [0m] Listening on Journal Socket (/dev/log).
[[0;32m  OK  [0m] Reached target Slices.
[[0;32m  OK  [0m] Reached target System Time Synchronized.
[[0;32m  OK  [0m] Set up automount Arbitrary Executab…rmats File System Automount Point.
[[0;32m  OK  [0m] Listening on Journal Socket.
         Starting Set the console keyboard layout...
         Mounting POSIX Message Queue File System...
         Starting Load Kernel Modules...
         Starting Remount Root and Kernel File Systems...
         Starting udev Co[    8.393547] Loading iSCSI transport class v2.0-870.
ldplug all Devices...
         Mounting Kernel Debug File System...
[[0;32m  OK  [0m] Listening on LVM2 metadata daemon socket.
         Starting Monitor[    8.459570] iscsi: registered transport (tcp)
ing of LVM2 mirrors…ng dmeventd or progress polling...
[[0;32m  OK  [0m] Listening on LVM2 poll daemon socket.
[[0;32m  OK  [0m] Listening on Network Service Netlink Socket.
         Starting Uncomplicated firewall...
[[0;32m  OK  [0m] Listening on /dev/initctl Compatibility Named Pipe.
[[0;32m  OK  [0m] Listening on Syslog Socket.
[[0;32m  OK  [0m] Listening on Journal Audit Socket.
         Mounting Huge Pages File System...
         Starting Create list of required st…ce nodes for the current kernel...
[[0;32m  OK  [0m] Reached target User and Group Name Lookups.
         Starting Journal Service...
[[0;32m  OK  [0m] Started Uncomplicated firewall.
[[0;32m  OK  [0m] Started Create list of required sta…vice nodes[    8.625012] iscsi: registered transport (iser)
 for the current kernel.
         Starting Create Static Device Nodes in /dev...
[[0;32m  OK  [0m] Started Load Kernel Modules.
[    8.718169] EXT4-fs (sda1): re-mounted. Opts: (null)
[[0;32m  OK  [0m] Started Journal Service.
[[0;32m  OK  [0m] Mounted POSIX Message Queue File System.
[[0;32m  OK  [0m] Started Remount Root and Kernel File Systems.
[[0;32m  OK  [0m] Mounted Kernel Debug File System.
[[0;32m  OK  [0m] Mounted Huge Pages File System.
[[0;32m  OK  [0m] Started udev Coldplug all Devices.
[[0;32m  OK  [0m] Started Create Static Device Nodes in /dev.
[[0;32m  OK  [0m] Started LVM2 metadata daemon.
         Starting Initial cloud-init job (pre-networking)...
         Starting Load/Save Random Seed...
         Starting udev Kernel Device Manager...
         Starting Flush Journal to Persistent Storage...
         Mounting Kernel Configuration File System...
         Mounting FUSE Control File System...
         Starting Apply Kernel Variables...
[[0;32m  OK  [0m] Started Set the console keyboard layout.
[[0;32m  OK  [0m] Started udev Kernel Device Manager.
[[0;32m  OK  [0m] Started Load/Save Random Seed.
[[0;32m  OK  [0m] Started Monitoring of LVM2 mirrors,…sing dmeventd or progress polling.
[[0;32m  OK  [0m] Mounted Kernel Configuration File System.
[[0;32m  OK  [0m] Mounted FUSE Control File System.
[[0;32m  OK  [0m] Started Apply Kernel Variables.
[[0;32m  OK  [0m] Started Dispatch Password Requests to Console Directory Watch.
[[0;32m  OK  [0m] Reached target Local Encrypted Volumes.
[[0;32m  OK  [0m] Reached target Local File Systems (Pre).
[[0;32m  OK  [0m] Reached target Local File Systems.
         Starting AppArmor initialization...
         Starting ebtables ruleset management...
         Starting Commit a transient machine-id on disk...
         Starting Tell Plymouth To Write Out Runtime Data...
         Starting Set console font and keymap...
[[0;32m  OK  [0m] Started Tell Plymouth To Write Out Runtime Data.
[[0;32m  OK  [0m] Started Commit a transient machine-id on disk.
[[0;32m  OK  [0m] Started Set console font and keymap.
[[0;32m  OK  [0m] Found device /dev/ttyS0.
[[0;32m  OK  [0m] Started Flush Journal to Persistent Storage.
[[0;32m  OK  [0m] Started ebtables ruleset management.
[[0;32m  OK  [0m] Listening on Load/Save RF Kill Switch Status /dev/rfkill Watch.
         Starting Create Volatile Files and Directories...
[[0;32m  OK  [0m] Started Create Volatile Files and Directories.
         Starting Update UTMP about System Boot/Shutdown...
[[0;32m  OK  [0m] Started Update UTMP about System Boot/Shutdown.
[[0;32m  OK  [0m] Started AppArmor initialization.
[   12.545211] cloud-init[421]: Cloud-init v. 18.5-45-g3554ffe8-0ubuntu1~18.04.1 running 'init-local' at Mon, 08 Apr 2019 20:57:16 +0000. Up 11.87 seconds.
[[0;32m  OK  [0m] Started Initial cloud-init job (pre-networking).
[[0;32m  OK  [0m] Reached target Network (Pre).
         Starting Network Service...
[[0;32m  OK  [0m] Started Network Service.
         Starting Wait for Network to be Configured...
         Starting Network Name Resolution...
[[0;32m  OK  [0m] Started Network Name Resolution.
[[0;32m  OK  [0m] Reached target Network.
[[0;32m  OK  [0m] Reached target Host and Network Name Lookups.
[[0;32m  OK  [0m] Started Wait for Network to be Configured.
         Starting Initial cloud-init job (metadata service crawler)...
[   14.728288] cloud-init[648]: Cloud-init v. 18.5-45-g3554ffe8-0ubuntu1~18.04.1 running 'init' at Mon, 08 Apr 2019 20:57:19 +0000. Up 14.48 seconds.
[   14.749593] cloud-init[648]: ci-info: ++++++++++++++++++++++++++++++++++++++Net device info++++++++++++++++++++++++++++++++++++++
[   14.807912] cloud-init[648]: ci-info: +--------+------+----------------------------+---------------+--------+-------------------+
[   14.831964] cloud-init[648]: ci-info: | Device |  Up  |          Address           |      Mask     | Scope  |     Hw-Address    |
[   14.834953] cloud-init[648]: ci-info: +--------+------+----------------------------+---------------+--------+-------------------+
[   14.876520] cloud-init[648]: ci-info: | enp0s3 | True |         10.0.2.15          | 255.255.255.0 | global | 02:ea:7f:4f:2c:ab |
[   14.908180] cloud-init[648]: ci-info: | enp0s3 | True | fe80::ea:7fff:fe4f:2cab/64 |       .       |  link  | 02:ea:7f:4f:2c:ab |
[   14.926106] cloud-init[648]: ci-info: |   lo   | True |         127.0.0.1          |   255.0.0.0   |  host  |         .         |
[   14.956303] cloud-init[648]: ci-info: |   lo   | True |          ::1/128           |       .       |  host  |         .         |
[   15.001336] cloud-init[648]: ci-info: +--------+------+----------------------------+---------------+--------+-------------------+
[   15.009536] cloud-init[648]: ci-info: ++++++++++++++++++++++++++++Route IPv4 info+++++++++++++++++++++++++++++
[   15.018839] cloud-init[648]: ci-info: +-------+-------------+----------+-----------------+-----------+-------+
[   15.086236] cloud-init[648]: ci-info: | Route | Destination | Gateway  |     Genmask     | Interface | Flags |
[   15.125077] cloud-init[648]: ci-info: +-------+-------------+----------+-----------------+-----------+-------+
[   15.132040] cloud-init[648]: ci-info: |   0   |   0.0.0.0   | 10.0.2.2 |     0.0.0.0     |   enp0s3  |   UG  |
[   15.170124] cloud-init[648]: ci-info: |   1   |   10.0.2.0  | 0.0.0.0  |  255.255.255.0  |   enp0s3  |   U   |
[   15.172787] cloud-init[648]: ci-info: |   2   |   10.0.2.2  | 0.0.0.0  | 255.255.255.255 |   enp0s3  |   UH  |
[   15.214285] cloud-init[648]: ci-info: +-------+-------------+----------+-----------------+-----------+-------+
[   15.239873] cloud-init[648]: ci-info: +++++++++++++++++++Route IPv6 info+++++++++++++++++++
[   15.263794] cloud-init[648]: ci-info: +-------+-------------+---------+-----------+-------+
[   15.296383] cloud-init[648]: ci-info: | Route | Destination | Gateway | Interface | Flags |
[   15.305394] cloud-init[648]: ci-info: +-------+-------------+---------+-----------+-------+
[   15.313135] cloud-init[648]: ci-info: |   1   |  fe80::/64  |    ::   |   enp0s3  |   U   |
[   15.332992] cloud-init[648]: ci-info: |   3   |    local    |    ::   |   enp0s3  |   U   |
[   15.357386] cloud-init[648]: ci-info: |   4   |   ff00::/8  |    ::   |   enp0s3  |   U   |
[   15.395340] cloud-init[648]: ci-info: +-------+-------------+---------+-----------+-------+
[   16.069557] cloud-init[648]: Generating public/private rsa key pair.
[   16.071845] cloud-init[648]: Your identification has been saved in /etc/ssh/ssh_host_rsa_key.
[   16.147841] cloud-init[648]: Your public key has been saved in /etc/ssh/ssh_host_rsa_key.pub.
[   16.150139] cloud-init[648]: The key fingerprint is:
[   16.151470] cloud-init[648]: SHA256:Wh1BqjYzDDkSdxJVYK3uc0swsd45CTlvqFwULtbpy0M root@ubuntu-bionic
[[0;32m  OK  [0m] Started Initial cloud-init job (metadata service crawler).
[[   16.204515] cloud-init[648]: The key's randomart image is:
[   16.208484] cloud-init[648]: +---[RSA 2048]----+
[   16.208690] cloud-init[648]: |  . +o=+..o      |
[   16.208842] cloud-init[648]: |   o =  .. .     |
[   16.209007] cloud-init[648]: |  . + o.. .      |
[   16.209163] cloud-init[648]: |   . *.B . .     |
[   16.209293] cloud-init[648]: |    o.^ S .      |
[   16.209428] cloud-init[648]: |   . *E# o       |
[   16.209574] cloud-init[648]: |     o* O        |
[   16.209757] cloud-init[648]: |   . +++..       |
[   16.209920] cloud-init[648]: |    o o+..       |
[   16.210072] cloud-init[648]: +----[SHA256]-----+
[   16.210224] cloud-init[648]: Generating public/private dsa key pair.
[   16.210362] cloud-init[648]: Your identification has been saved in /etc/ssh/ssh_host_dsa_key.
[   16.210508] cloud-init[648]: Your public key has been saved in /etc/ssh/ssh_host_dsa_key.pub.
[   16.210653] cloud-init[648]: The key fingerprint is:
[   16.210789] cloud-init[648]: SHA256:8DxeCEfN3uHwrAKq8+93CoARjcQQXOsJ/Odsh46wplE root@ubuntu-bionic
[   16.210932] cloud-init[648]: The key's randomart image is:
[   16.211068] cloud-init[648]: +---[DSA 1024]----+
[   16.211208] cloud-init[648]: |+=++    .o       |
[   16.211360] cloud-init[648]: |..o.o  .  + .    |
[   16.211505] cloud-init[648]: | o..  o .. * .   |
[   16.211670] cloud-init[648]: |  +o. .* .. =    |
[   16.211773] cloud-init[648]: |  E+.o .S ..     |
[   16.211860] cloud-init[648]: | .  =....o.      |
[   16.211952] cloud-init[648]: |.. . =....       |
[   16.212054] cloud-init[648]: | o= + ... .      |
[   16.212230] cloud-init[648]: |+. +.+o..o       |
[   16.212329] cloud-init[648]: +----[SHA256]-----+
[   16.212416] cloud-init[648]: Generating public/private ecdsa key pair.
[   16.212533] cloud-init[648]: Your identification has been saved in /etc/ssh/ssh_host_ecdsa_key.
[   16.212636] cloud-init[648]: Your public key has been saved in /etc/ssh/ssh_host_ecdsa_key.pub.
[   16.212754] cloud-init[648]: The key fingerprint is:
[   16.212847] cloud-init[648]: SHA256:2P/IUv1YTZA7Whus5u9IRFO29CPkASF5moa1PdeAtM0 root@ubuntu-bionic
[   16.212943] cloud-init[648]: The key's randomart image is:
[   16.213030] cloud-init[648]: +---[ECDSA 256]---+
[   16.213123] cloud-init[648]: |         .o++o+. |
[   16.213220] cloud-init[648]: |         o.o*=+o |
[   16.213307] cloud-init[648]: |        o *.oE++.|
[   16.213400] cloud-init[648]: |       + = + oB.o|
[   16.213486] cloud-init[648]: |      . S  .++ * |
[   16.213584] cloud-init[648]: |         ...= o .|
[   16.213680] cloud-init[648]: |         ..o.+   |
[   16.213791] cloud-init[648]: |        .. +o..  |
[   16.213934] cloud-init[648]: |         .o ooo  |
[   16.214238] cloud-init[648]: +----[SHA256]-----+
[   16.214377] cloud-init[648]: Generating public/private ed25519 key pair.
[   16.214518] cloud-init[648]: Your identification has been saved in /etc/ssh/ssh_host_ed25519_key.
[   16.214642] cloud-init[648]: Your public key has been saved in /etc/ssh/ssh_host_ed25519_key.pub.
[   16.214779] cloud-init[648]: The key fingerprint is:
[   16.214911] cloud-init[648]: SHA256:Sf1mIXDX3PO3mhma2UUJgDMz165AqIN+wlj1+5h78nM root@ubuntu-bionic
[   16.215029] cloud-init[648]: The key's randomart image is:
[   16.215161] cloud-init[648]: +--[ED25519 256]--+
[   16.215306] cloud-init[648]: |        o o.+o . |
[   16.215467] cloud-init[648]: |     . . @ o oo..|
[   16.215638] cloud-init[648]: |    o o o O o . +|
[   16.215786] cloud-init[648]: |   o o o o o o oo|
[   16.215928] cloud-init[648]: |  =   . S . = . o|
[0;32m  OK  [0m] Reached target Cloud-config availability.
[[0;32m  OK  [0m] Reached target System Initialization.
[[0;32m  OK  [0m] Started Daily apt download activities.
[[0;32m  OK  [0m] Started Daily apt upgrade and clean activities.
[[0;32m  OK  [0m] Started Message of the Day.
[   16.216210] cloud-init[648]: | . + . .   + . o |
[[   16.546499] cloud-init[648]: |    o   +   = *  |
[   16.546749] cloud-init[648]: |       + + E =   |
[0;32m  OK  [0m] Started ACPI Events Check.
[   16.547834] cloud-init[648]: |       .=.o      |
[[   16.579788] cloud-init[648]: +----[SHA256]-----+
[0;32m  OK  [0m] Reached target Paths.
[[0;32m  OK  [0m] Listening on Open-iSCSI iscsid Socket.
[[0;32m  OK  [0m] Started Discard unused blocks once a week.
[[0;32m  OK  [0m] Listening on D-Bus System Message Bus Socket.
[[0;32m  OK  [0m] Listening on ACPID Listen Socket.
         Starting Socket activation for snappy daemon.
         Starting LXD - unix socket.
[[0;32m  OK  [0m] Listening on UUID daemon activation socket.
[[0;32m  OK  [0m] Started Daily Cleanup of Temporary Directories.
[[0;32m  OK  [0m] Reached target Timers.
[[0;32m  OK  [0m] Reached target Network is Online.
         Starting Availability of block devices...
[[0;32m  OK  [0m] Reached target Remote File Systems (Pre).
[[0;32m  OK  [0m] Reached target Remote File Systems.
[[0;32m  OK  [0m] Listening on Socket activation for snappy daemon.
[[0;32m  OK  [0m] Listening on LXD - unix socket.
[[0;32m  OK  [0m] Started Availability of block devices.
[[0;32m  OK  [0m] Reached target Sockets.
[[0;32m  OK  [0m] Reached target Basic System.
         Starting LSB: automatic crash report generation...
         Starting Dispatcher daemon for systemd-networkd...
         Starting Accounts Service...
         Starting System Logging Service...
         Starting Login Service...
[[0;32m  OK  [0m] Started FUSE filesystem for LXC.
[[0;32m  OK  [0m] Started Deferred execution scheduler.
         Starting Virtualbox guest utils...
         Starting LSB: Record successful boot for GRUB...
[[0;32m  OK  [0m] Started irqbalance daemon.
[[0;32m  OK  [0m] Started Regular background program processing daemon.
         Starting Pollinate to seed the pseudo random number generator...
         Starting Permit User Sessions...
[[0;32m  OK  [0m] Started D-Bus System Message Bus.
         Starting Snappy daemon...
         Starting LXD - container startup/shutdown...
[[0;32m  OK  [0m] Started System Logging Service.
[[0;32m  OK  [0m] Started Dispatcher daemon for systemd-networkd.
[[0;32m  OK  [0m] Started Permit User Sessions.
[[0;32m  OK  [0m] Started Login Service.
         Starting Authorization Manager...
[[0;32m  OK  [0m] Started Unattended Upgrades Shutdown.
         Starting Hold until boot process finishes up...
         Starting Terminate Plymouth Boot Screen...
[[0;32m  OK  [0m] Started LSB: automatic crash report generation.
[[0;32m  OK  [0m] Started LSB: Record successful boot for GRUB.
[[0;32m  OK  [0m] Started Hold until boot process finishes up.
[[0;32m  OK  [0m] Started Terminate Plymouth Boot Screen.
[[0;32m  OK  [0m] Started Authorization Manager.
[[0;32m  OK  [0m] Started Accounts Service.
         Starting Set console scheme...
[[0;32m  OK  [0m] Started Serial Getty on ttyS0.
[[0;32m  OK  [0m] Started Set console scheme.
[[0;32m  OK  [0m] Created slice system-getty.slice.
[[0;32m  OK  [0m] Started Getty on tty1.
[[0;32m  OK  [0m] Reached target Login Prompts.
[[0;32m  OK  [0m] Started Virtualbox guest utils.
[[0;32m  OK  [0m] Started LXD - container startup/shutdown.
[[0;32m  OK  [0m] Started Snappy daemon.
         Starting Wait until snapd is fully seeded...
[[0;32m  OK  [0m] Started Pollinate to seed the pseudo random number generator.
         Starting OpenBSD Secure Shell server...
[[0;32m  OK  [0m] Started OpenBSD Secure Shell server.
[[0;32m  OK  [0m] Created slice User Slice of vagrant.
         Starting User Manager for UID 1000...
[[0;32m  OK  [0m] Started Session 1 of user vagrant.
[[0;32m  OK  [0m] Started User Manager for UID 1000.
[[0;32m  OK  [0m] Started Wait until snapd is fully seeded.
[[0;32m  OK  [0m] Reached target Multi-User System.
[[0;32m  OK  [0m] Reached target Graphical Interface.
         Starting Update UTMP about System Runlevel Changes...
         Starting Apply the settings specified in cloud-config...
[[0;32m  OK  [0m] Started Update UTMP about System Runlevel Changes.
[   22.577350] cloud-init[1247]: Cloud-init v. 18.5-45-g3554ffe8-0ubuntu1~18.04.1 running 'modules:config' at Mon, 08 Apr 2019 20:57:26 +0000. Up 21.68 seconds.
[[0;32m  OK  [0m] Started Apply the settings specified in cloud-config.
         Starting Execute cloud user/final scripts...
ci-info: no authorized ssh keys fingerprints found for user ubuntu.
<14>Apr  8 20:57:28 ec2: 
<14>Apr  8 20:57:28 ec2: #############################################################
<14>Apr  8 20:57:28 ec2: -----BEGIN SSH HOST KEY FINGERPRINTS-----
<14>Apr  8 20:57:28 ec2: 1024 SHA256:8DxeCEfN3uHwrAKq8+93CoARjcQQXOsJ/Odsh46wplE root@ubuntu-bionic (DSA)
<14>Apr  8 20:57:28 ec2: 256 SHA256:2P/IUv1YTZA7Whus5u9IRFO29CPkASF5moa1PdeAtM0 root@ubuntu-bionic (ECDSA)
<14>Apr  8 20:57:28 ec2: 256 SHA256:Sf1mIXDX3PO3mhma2UUJgDMz165AqIN+wlj1+5h78nM root@ubuntu-bionic (ED25519)
<14>Apr  8 20:57:28 ec2: 2048 SHA256:Wh1BqjYzDDkSdxJVYK3uc0swsd45CTlvqFwULtbpy0M root@ubuntu-bionic (RSA)
<14>Apr  8 20:57:28 ec2: -----END SSH HOST KEY FINGERPRINTS-----
<14>Apr  8 20:57:28 ec2: #############################################################
-----BEGIN SSH HOST KEY KEYS-----
ecdsa-sha2-nistp256 AAAAE2VjZHNhLXNoYTItbmlzdHAyNTYAAAAIbmlzdHAyNTYAAABBBCX7ewza4NsQ8pA3iM9ZdoLHQRjRgE1x3zwXTqvnUlQy0DizF/c0EP5FyTeWZg8bv4Vpoa2SHmTbDWb6jYNxkak= root@ubuntu-bionic
ssh-ed25519 AAAAC3NzaC1lZDI1NTE5AAAAIO7C2i3DS55AIqmLmFZtt9bGcMBo1p3SYqT5BqRvvGJZ root@ubuntu-bionic
ssh-rsa AAAAB3NzaC1yc2EAAAADAQABAAABAQDKlbfuk4O3ATDtmFb60jesi/gQ1+AgXKrCvfLdj6fvBdAYfNsw3iBMtLkaveeDKBzAP+sM8cJdUsdRYeet67L1jItRwTrt2g0/yJUKfk1/ycOR5fBbJnjtpFMH2zD3IGKb35ZbKrKeuQWAaDUPvJPD522w42jSCAqYex1yndLc3MkdJcSPnnHKYgxa2Qzrini3ma1lffOgzcQKu9mOls7PUvkjZQpYqRbE/RKGf3YD5WDrJoGoQB+XpCIQaI+5ZE+XzcwsXm7rfM3cH7C2c0NcDfwALBdHwQHpDe+XIf/ouCzSWI6VCHvleVsRBcCkoHFLp1GygsVipBqHvJFV9S0V root@ubuntu-bionic
-----END SSH HOST KEY KEYS-----
[   23.794911] cloud-init[1357]: Cloud-init v. 18.5-45-g3554ffe8-0ubuntu1~18.04.1 running 'modules:final' at Mon, 08 Apr 2019 20:57:28 +0000. Up 23.49 seconds.
[   23.795144] cloud-init[1357]: ci-info: no authorized ssh keys fingerprints found for user ubuntu.
[   23.795300] cloud-init[1357]: Cloud-init v. 18.5-45-g3554ffe8-0ubuntu1~18.04.1 finished at Mon, 08 Apr 2019 20:57:28 +0000. Datasource DataSourceNoCloud [seed=/dev/sdb][dsmode=net].  Up 23.76 seconds

Ubuntu 18.04.2 LTS ubuntu-bionic ttyS0

ubuntu-bionic login: 